<?xml version="1.0" encoding="UTF-8"?>
<testsuite name="TestSuite" time="18" tests="1" errors="0" skipped="0" failures="1">
  <properties>
[...]
</properties>
  <testcase name="verifyJsplLoginDetails" classname="com.onboardx.testcases.TC_OnBoardXLoginPage_01" time="18">
    <failure type="java.lang.NullPointerException:">java.lang.NullPointerException: null
	at sun.reflect.NativeMethodAccessorImpl.invoke0(Native Method)
	at sun.reflect.NativeMethodAccessorImpl.invoke(NativeMethodAccessorImpl.java:62)
	at sun.reflect.DelegatingMethodAccessorImpl.invoke(DelegatingMethodAccessorImpl.java:43)
	at java.lang.reflect.Method.invoke(Method.java:498)
	at org.openqa.selenium.support.pagefactory.internal.LocatingElementHandler.invoke(LocatingElementHandler.java:51)
	at com.sun.proxy.$Proxy9.getText(Unknown Source)
	at com.onboardx.pageobject.OnBoardXLoginPage.verifyCaseSubmissionSummaryMsg(OnBoardXLoginPage.java:180)
	at com.onboardx.testcases.TC_OnBoardXLoginPage_01.verifyJsplLoginDetails(TC_OnBoardXLoginPage_01.java:19)
</failure>
    <system-out><![CDATA[[TestNGContentHandler] [WARN] It is strongly recommended to add "<!DOCTYPE suite SYSTEM "http://testng.org/testng-1.0.dtd" >" at the top of your file, otherwise TestNG may fail or not work as expected.
...
... TestNG 6.14.3 by Cédric Beust (cedric@beust.com)
...

 INFO [main] (TC_OnBoardXLoginPage_01.java:13)- OnBoardx Url is opened
Final Captcha is:[Ljava.lang.String;@60129b9a
 INFO [main] (TC_OnBoardXLoginPage_01.java:17)- Captcha code has Entered successfully!
 INFO [main] (TC_OnBoardXLoginPage_01.java:18)- Onboardx account has logged successfully!
]]></system-out>
    <system-err><![CDATA[Starting ChromeDriver 101.0.4951.41 (93c720db8323b3ec10d056025ab95c23a31997c9-refs/branch-heads/4951@{#904}) on port 1816
Only local connections are allowed.
Please see https://chromedriver.chromium.org/security-considerations for suggestions on keeping ChromeDriver safe.
ChromeDriver was started successfully.
May 24, 2022 2:11:16 PM org.openqa.selenium.remote.ProtocolHandshake createSession
INFO: Detected dialect: W3C
]]></system-err>
  </testcase>
</testsuite>