<?xml version="1.0" encoding="UTF-8"?>
<!-- Generated by org.testng.reporters.JUnitXMLReporter -->
<testsuite hostname="ARS-NBT-LAP-250" ignored="0" name="OnBoardX1" tests="1" failures="1" timestamp="24 May 2022 08:41:42 GMT" time="27.228" errors="0">
  <testcase name="verifyJsplLoginDetails" time="17.987" classname="com.onboardx.testcases.TC_OnBoardXLoginPage_01">
    <failure type="java.lang.NullPointerException">
      <![CDATA[java.lang.NullPointerException
at org.openqa.selenium.support.pagefactory.internal.LocatingElementHandler.invoke(LocatingElementHandler.java:51)
at com.sun.proxy.$Proxy9.getText(Unknown Source)
at com.onboardx.pageobject.OnBoardXLoginPage.verifyCaseSubmissionSummaryMsg(OnBoardXLoginPage.java:180)
at com.onboardx.testcases.TC_OnBoardXLoginPage_01.verifyJsplLoginDetails(TC_OnBoardXLoginPage_01.java:19)
... Removed 32 stack frames]]>
    </failure>
  </testcase> <!-- verifyJsplLoginDetails -->
</testsuite> <!-- OnBoardX1 -->
